{"/home/gabrielwenchenck/alves-Gabriel-Carvalho/modulo6/case-estante-virtual/src/business/AthleteBusiness.ts": {"path":"/home/gabrielwenchenck/alves-Gabriel-Carvalho/modulo6/case-estante-virtual/src/business/AthleteBusiness.ts","statementMap":{"0":{"start":{"line":1,"column":0},"end":{"line":1,"column":46}},"1":{"start":{"line":4,"column":0},"end":{"line":4,"column":52}},"2":{"start":{"line":8,"column":12},"end":{"line":8,"column":44}},"3":{"start":{"line":9,"column":12},"end":{"line":9,"column":36}},"4":{"start":{"line":12,"column":9},"end":{"line":32,"column":4}},"5":{"start":{"line":13,"column":4},"end":{"line":15,"column":null}},"6":{"start":{"line":14,"column":6},"end":{"line":14,"column":30}},"7":{"start":{"line":17,"column":4},"end":{"line":19,"column":null}},"8":{"start":{"line":18,"column":6},"end":{"line":18,"column":78}},"9":{"start":{"line":21,"column":15},"end":{"line":21,"column":42}},"10":{"start":{"line":23,"column":20},"end":{"line":23,"column":41}},"11":{"start":{"line":25,"column":4},"end":{"line":25,"column":54}},"12":{"start":{"line":27,"column":21},"end":{"line":29,"column":6}},"13":{"start":{"line":31,"column":4},"end":{"line":31,"column":20}},"14":{"start":{"line":6,"column":0},"end":{"line":6,"column":13}}},"fnMap":{"0":{"name":"(anonymous_0)","decl":{"start":{"line":7,"column":2},"end":{"line":7,"column":null}},"loc":{"start":{"line":9,"column":36},"end":{"line":10,"column":6}}},"1":{"name":"(anonymous_1)","decl":{"start":{"line":12,"column":18},"end":{"line":12,"column":23}},"loc":{"start":{"line":12,"column":41},"end":{"line":32,"column":3}}}},"branchMap":{"0":{"loc":{"start":{"line":13,"column":4},"end":{"line":15,"column":null}},"type":"if","locations":[{"start":{"line":13,"column":4},"end":{"line":15,"column":null}}]},"1":{"loc":{"start":{"line":17,"column":4},"end":{"line":19,"column":null}},"type":"if","locations":[{"start":{"line":17,"column":4},"end":{"line":19,"column":null}}]}},"s":{"0":1,"1":1,"2":1,"3":1,"4":1,"5":2,"6":0,"7":2,"8":1,"9":1,"10":1,"11":1,"12":1,"13":1,"14":1},"f":{"0":1,"1":2},"b":{"0":[0],"1":[1]}}
,"/home/gabrielwenchenck/alves-Gabriel-Carvalho/modulo6/case-estante-virtual/src/business/CompetitionBusiness.ts": {"path":"/home/gabrielwenchenck/alves-Gabriel-Carvalho/modulo6/case-estante-virtual/src/business/CompetitionBusiness.ts","statementMap":{"0":{"start":{"line":3,"column":0},"end":{"line":3,"column":52}},"1":{"start":{"line":4,"column":0},"end":{"line":4,"column":52}},"2":{"start":{"line":5,"column":0},"end":{"line":5,"column":56}},"3":{"start":{"line":6,"column":0},"end":{"line":6,"column":56}},"4":{"start":{"line":10,"column":12},"end":{"line":10,"column":52}},"5":{"start":{"line":11,"column":12},"end":{"line":11,"column":36}},"6":{"start":{"line":14,"column":9},"end":{"line":47,"column":4}},"7":{"start":{"line":15,"column":4},"end":{"line":19,"column":null}},"8":{"start":{"line":16,"column":6},"end":{"line":18,"column":8}},"9":{"start":{"line":21,"column":4},"end":{"line":23,"column":null}},"10":{"start":{"line":22,"column":6},"end":{"line":22,"column":78}},"11":{"start":{"line":24,"column":4},"end":{"line":28,"column":null}},"12":{"start":{"line":25,"column":6},"end":{"line":27,"column":8}},"13":{"start":{"line":31,"column":6},"end":{"line":31,"column":53}},"14":{"start":{"line":33,"column":4},"end":{"line":35,"column":null}},"15":{"start":{"line":34,"column":6},"end":{"line":34,"column":58}},"16":{"start":{"line":36,"column":15},"end":{"line":36,"column":42}},"17":{"start":{"line":38,"column":24},"end":{"line":38,"column":59}},"18":{"start":{"line":40,"column":4},"end":{"line":40,"column":66}},"19":{"start":{"line":42,"column":21},"end":{"line":44,"column":6}},"20":{"start":{"line":46,"column":4},"end":{"line":46,"column":20}},"21":{"start":{"line":49,"column":9},"end":{"line":64,"column":4}},"22":{"start":{"line":50,"column":4},"end":{"line":52,"column":null}},"23":{"start":{"line":51,"column":6},"end":{"line":51,"column":64}},"24":{"start":{"line":53,"column":32},"end":{"line":53,"column":75}},"25":{"start":{"line":55,"column":4},"end":{"line":57,"column":null}},"26":{"start":{"line":56,"column":6},"end":{"line":56,"column":59}},"27":{"start":{"line":58,"column":4},"end":{"line":58,"column":56}},"28":{"start":{"line":59,"column":21},"end":{"line":61,"column":6}},"29":{"start":{"line":63,"column":4},"end":{"line":63,"column":20}},"30":{"start":{"line":8,"column":0},"end":{"line":8,"column":13}}},"fnMap":{"0":{"name":"(anonymous_0)","decl":{"start":{"line":9,"column":2},"end":{"line":9,"column":null}},"loc":{"start":{"line":11,"column":36},"end":{"line":12,"column":6}}},"1":{"name":"(anonymous_1)","decl":{"start":{"line":14,"column":18},"end":{"line":14,"column":23}},"loc":{"start":{"line":14,"column":59},"end":{"line":47,"column":3}}},"2":{"name":"(anonymous_2)","decl":{"start":{"line":49,"column":17},"end":{"line":49,"column":22}},"loc":{"start":{"line":49,"column":38},"end":{"line":64,"column":3}}}},"branchMap":{"0":{"loc":{"start":{"line":15,"column":4},"end":{"line":19,"column":null}},"type":"if","locations":[{"start":{"line":15,"column":4},"end":{"line":19,"column":null}}]},"1":{"loc":{"start":{"line":15,"column":8},"end":{"line":15,"column":26}},"type":"binary-expr","locations":[{"start":{"line":15,"column":8},"end":{"line":15,"column":13}},{"start":{"line":15,"column":17},"end":{"line":15,"column":26}}]},"2":{"loc":{"start":{"line":21,"column":4},"end":{"line":23,"column":null}},"type":"if","locations":[{"start":{"line":21,"column":4},"end":{"line":23,"column":null}}]},"3":{"loc":{"start":{"line":24,"column":4},"end":{"line":28,"column":null}},"type":"if","locations":[{"start":{"line":24,"column":4},"end":{"line":28,"column":null}}]},"4":{"loc":{"start":{"line":33,"column":4},"end":{"line":35,"column":null}},"type":"if","locations":[{"start":{"line":33,"column":4},"end":{"line":35,"column":null}}]},"5":{"loc":{"start":{"line":50,"column":4},"end":{"line":52,"column":null}},"type":"if","locations":[{"start":{"line":50,"column":4},"end":{"line":52,"column":null}}]},"6":{"loc":{"start":{"line":55,"column":4},"end":{"line":57,"column":null}},"type":"if","locations":[{"start":{"line":55,"column":4},"end":{"line":57,"column":null}}]}},"s":{"0":2,"1":2,"2":2,"3":2,"4":2,"5":2,"6":2,"7":6,"8":2,"9":4,"10":1,"11":3,"12":1,"13":2,"14":2,"15":1,"16":1,"17":1,"18":1,"19":1,"20":1,"21":2,"22":3,"23":1,"24":2,"25":2,"26":1,"27":1,"28":1,"29":1,"30":2},"f":{"0":2,"1":6,"2":3},"b":{"0":[2],"1":[6,5],"2":[1],"3":[1],"4":[1],"5":[1],"6":[1]}}
,"/home/gabrielwenchenck/alves-Gabriel-Carvalho/modulo6/case-estante-virtual/src/business/ResultBusiness.ts": {"path":"/home/gabrielwenchenck/alves-Gabriel-Carvalho/modulo6/case-estante-virtual/src/business/ResultBusiness.ts","statementMap":{"0":{"start":{"line":3,"column":0},"end":{"line":3,"column":65}},"1":{"start":{"line":4,"column":0},"end":{"line":4,"column":52}},"2":{"start":{"line":5,"column":0},"end":{"line":5,"column":56}},"3":{"start":{"line":7,"column":0},"end":{"line":7,"column":56}},"4":{"start":{"line":11,"column":12},"end":{"line":11,"column":42}},"5":{"start":{"line":12,"column":12},"end":{"line":12,"column":36}},"6":{"start":{"line":15,"column":9},"end":{"line":83,"column":4}},"7":{"start":{"line":16,"column":72},"end":{"line":16,"column":77}},"8":{"start":{"line":18,"column":28},"end":{"line":19,"column":null}},"9":{"start":{"line":22,"column":4},"end":{"line":34,"column":null}},"10":{"start":{"line":23,"column":6},"end":{"line":27,"column":null}},"11":{"start":{"line":24,"column":8},"end":{"line":26,"column":10}},"12":{"start":{"line":29,"column":6},"end":{"line":33,"column":null}},"13":{"start":{"line":30,"column":8},"end":{"line":32,"column":10}},"14":{"start":{"line":35,"column":4},"end":{"line":37,"column":null}},"15":{"start":{"line":36,"column":6},"end":{"line":36,"column":30}},"16":{"start":{"line":39,"column":4},"end":{"line":41,"column":null}},"17":{"start":{"line":40,"column":6},"end":{"line":40,"column":80}},"18":{"start":{"line":43,"column":32},"end":{"line":44,"column":null}},"19":{"start":{"line":47,"column":4},"end":{"line":49,"column":null}},"20":{"start":{"line":48,"column":6},"end":{"line":48,"column":59}},"21":{"start":{"line":52,"column":6},"end":{"line":52,"column":70}},"22":{"start":{"line":54,"column":4},"end":{"line":56,"column":null}},"23":{"start":{"line":55,"column":6},"end":{"line":55,"column":54}},"24":{"start":{"line":58,"column":28},"end":{"line":59,"column":null}},"25":{"start":{"line":62,"column":4},"end":{"line":64,"column":null}},"26":{"start":{"line":63,"column":6},"end":{"line":63,"column":55}},"27":{"start":{"line":66,"column":15},"end":{"line":66,"column":42}},"28":{"start":{"line":68,"column":19},"end":{"line":75,"column":null}},"29":{"start":{"line":78,"column":4},"end":{"line":78,"column":51}},"30":{"start":{"line":79,"column":21},"end":{"line":81,"column":6}},"31":{"start":{"line":82,"column":4},"end":{"line":82,"column":20}},"32":{"start":{"line":85,"column":9},"end":{"line":110,"column":4}},"33":{"start":{"line":86,"column":32},"end":{"line":87,"column":null}},"34":{"start":{"line":90,"column":4},"end":{"line":92,"column":null}},"35":{"start":{"line":91,"column":6},"end":{"line":91,"column":59}},"36":{"start":{"line":93,"column":28},"end":{"line":94,"column":null}},"37":{"start":{"line":97,"column":4},"end":{"line":109,"column":null}},"38":{"start":{"line":98,"column":22},"end":{"line":98,"column":67}},"39":{"start":{"line":99,"column":23},"end":{"line":101,"column":8}},"40":{"start":{"line":102,"column":6},"end":{"line":102,"column":22}},"41":{"start":{"line":104,"column":22},"end":{"line":104,"column":70}},"42":{"start":{"line":105,"column":23},"end":{"line":107,"column":8}},"43":{"start":{"line":108,"column":6},"end":{"line":108,"column":22}},"44":{"start":{"line":9,"column":0},"end":{"line":9,"column":13}}},"fnMap":{"0":{"name":"(anonymous_0)","decl":{"start":{"line":10,"column":2},"end":{"line":10,"column":null}},"loc":{"start":{"line":12,"column":36},"end":{"line":13,"column":6}}},"1":{"name":"(anonymous_1)","decl":{"start":{"line":15,"column":18},"end":{"line":15,"column":23}},"loc":{"start":{"line":15,"column":57},"end":{"line":83,"column":3}}},"2":{"name":"(anonymous_2)","decl":{"start":{"line":85,"column":22},"end":{"line":85,"column":27}},"loc":{"start":{"line":85,"column":43},"end":{"line":110,"column":3}}}},"branchMap":{"0":{"loc":{"start":{"line":22,"column":4},"end":{"line":34,"column":null}},"type":"if","locations":[{"start":{"line":22,"column":4},"end":{"line":34,"column":null}},{"start":{"line":28,"column":11},"end":{"line":34,"column":null}}]},"1":{"loc":{"start":{"line":23,"column":6},"end":{"line":27,"column":null}},"type":"if","locations":[{"start":{"line":23,"column":6},"end":{"line":27,"column":null}}]},"2":{"loc":{"start":{"line":23,"column":10},"end":{"line":23,"column":40}},"type":"binary-expr","locations":[{"start":{"line":23,"column":10},"end":{"line":23,"column":16}},{"start":{"line":23,"column":20},"end":{"line":23,"column":28}},{"start":{"line":23,"column":32},"end":{"line":23,"column":40}}]},"3":{"loc":{"start":{"line":29,"column":6},"end":{"line":33,"column":null}},"type":"if","locations":[{"start":{"line":29,"column":6},"end":{"line":33,"column":null}}]},"4":{"loc":{"start":{"line":29,"column":10},"end":{"line":29,"column":28}},"type":"binary-expr","locations":[{"start":{"line":29,"column":10},"end":{"line":29,"column":17}},{"start":{"line":29,"column":21},"end":{"line":29,"column":28}}]},"5":{"loc":{"start":{"line":35,"column":4},"end":{"line":37,"column":null}},"type":"if","locations":[{"start":{"line":35,"column":4},"end":{"line":37,"column":null}}]},"6":{"loc":{"start":{"line":35,"column":8},"end":{"line":35,"column":55}},"type":"binary-expr","locations":[{"start":{"line":35,"column":8},"end":{"line":35,"column":14}},{"start":{"line":35,"column":18},"end":{"line":35,"column":23}},{"start":{"line":35,"column":27},"end":{"line":35,"column":41}},{"start":{"line":35,"column":45},"end":{"line":35,"column":55}}]},"7":{"loc":{"start":{"line":39,"column":4},"end":{"line":41,"column":null}},"type":"if","locations":[{"start":{"line":39,"column":4},"end":{"line":41,"column":null}}]},"8":{"loc":{"start":{"line":39,"column":8},"end":{"line":39,"column":47}},"type":"binary-expr","locations":[{"start":{"line":39,"column":8},"end":{"line":39,"column":17}},{"start":{"line":39,"column":21},"end":{"line":39,"column":32}},{"start":{"line":39,"column":36},"end":{"line":39,"column":47}}]},"9":{"loc":{"start":{"line":47,"column":4},"end":{"line":49,"column":null}},"type":"if","locations":[{"start":{"line":47,"column":4},"end":{"line":49,"column":null}}]},"10":{"loc":{"start":{"line":54,"column":4},"end":{"line":56,"column":null}},"type":"if","locations":[{"start":{"line":54,"column":4},"end":{"line":56,"column":null}}]},"11":{"loc":{"start":{"line":62,"column":4},"end":{"line":64,"column":null}},"type":"if","locations":[{"start":{"line":62,"column":4},"end":{"line":64,"column":null}}]},"12":{"loc":{"start":{"line":90,"column":4},"end":{"line":92,"column":null}},"type":"if","locations":[{"start":{"line":90,"column":4},"end":{"line":92,"column":null}}]},"13":{"loc":{"start":{"line":97,"column":4},"end":{"line":109,"column":null}},"type":"if","locations":[{"start":{"line":97,"column":4},"end":{"line":109,"column":null}},{"start":{"line":103,"column":11},"end":{"line":109,"column":null}}]}},"s":{"0":2,"1":2,"2":2,"3":2,"4":2,"5":2,"6":2,"7":8,"8":8,"9":8,"10":3,"11":1,"12":5,"13":1,"14":6,"15":0,"16":6,"17":1,"18":5,"19":5,"20":1,"21":4,"22":4,"23":1,"24":3,"25":3,"26":1,"27":2,"28":2,"29":2,"30":2,"31":2,"32":2,"33":3,"34":3,"35":1,"36":2,"37":2,"38":1,"39":1,"40":1,"41":1,"42":1,"43":1,"44":2},"f":{"0":2,"1":8,"2":3},"b":{"0":[3,5],"1":[1],"2":[3,3,2],"3":[1],"4":[5,4],"5":[0],"6":[6,6,6,6],"7":[1],"8":[6,5,5],"9":[1],"10":[1],"11":[1],"12":[1],"13":[1,1]}}
,"/home/gabrielwenchenck/alves-Gabriel-Carvalho/modulo6/case-estante-virtual/src/database/BaseDatabase.ts": {"path":"/home/gabrielwenchenck/alves-Gabriel-Carvalho/modulo6/case-estante-virtual/src/database/BaseDatabase.ts","statementMap":{"0":{"start":{"line":1,"column":0},"end":{"line":1,"column":24}},"1":{"start":{"line":2,"column":0},"end":{"line":2,"column":28}},"2":{"start":{"line":4,"column":0},"end":{"line":4,"column":16}},"3":{"start":{"line":6,"column":0},"end":{"line":6,"column":22}},"4":{"start":{"line":7,"column":19},"end":{"line":17,"column":5}}},"fnMap":{},"branchMap":{},"s":{"0":5,"1":5,"2":5,"3":5,"4":5},"f":{},"b":{}}
,"/home/gabrielwenchenck/alves-Gabriel-Carvalho/modulo6/case-estante-virtual/src/errors/BaseError.ts": {"path":"/home/gabrielwenchenck/alves-Gabriel-Carvalho/modulo6/case-estante-virtual/src/errors/BaseError.ts","statementMap":{"0":{"start":{"line":3,"column":4},"end":{"line":3,"column":19}},"1":{"start":{"line":2,"column":21},"end":{"line":2,"column":39}},"2":{"start":{"line":1,"column":0},"end":{"line":1,"column":13}}},"fnMap":{"0":{"name":"(anonymous_0)","decl":{"start":{"line":2,"column":2},"end":{"line":2,"column":21}},"loc":{"start":{"line":2,"column":56},"end":{"line":4,"column":3}}}},"branchMap":{},"s":{"0":15,"1":15,"2":5},"f":{"0":15},"b":{}}
,"/home/gabrielwenchenck/alves-Gabriel-Carvalho/modulo6/case-estante-virtual/src/errors/ConflictError.ts": {"path":"/home/gabrielwenchenck/alves-Gabriel-Carvalho/modulo6/case-estante-virtual/src/errors/ConflictError.ts","statementMap":{"0":{"start":{"line":1,"column":0},"end":{"line":1,"column":40}},"1":{"start":{"line":5,"column":4},"end":{"line":5,"column":24}},"2":{"start":{"line":3,"column":0},"end":{"line":3,"column":13}}},"fnMap":{"0":{"name":"(anonymous_0)","decl":{"start":{"line":4,"column":2},"end":{"line":4,"column":14}},"loc":{"start":{"line":4,"column":51},"end":{"line":6,"column":3}}}},"branchMap":{"0":{"loc":{"start":{"line":4,"column":14},"end":{"line":4,"column":51}},"type":"default-arg","locations":[{"start":{"line":4,"column":32},"end":{"line":4,"column":51}}]}},"s":{"0":4,"1":2,"2":4},"f":{"0":2},"b":{"0":[0]}}
,"/home/gabrielwenchenck/alves-Gabriel-Carvalho/modulo6/case-estante-virtual/src/errors/NotFoundError.ts": {"path":"/home/gabrielwenchenck/alves-Gabriel-Carvalho/modulo6/case-estante-virtual/src/errors/NotFoundError.ts","statementMap":{"0":{"start":{"line":1,"column":0},"end":{"line":1,"column":40}},"1":{"start":{"line":5,"column":4},"end":{"line":5,"column":24}},"2":{"start":{"line":3,"column":0},"end":{"line":3,"column":13}}},"fnMap":{"0":{"name":"(anonymous_0)","decl":{"start":{"line":4,"column":2},"end":{"line":4,"column":14}},"loc":{"start":{"line":4,"column":56},"end":{"line":6,"column":3}}}},"branchMap":{"0":{"loc":{"start":{"line":4,"column":14},"end":{"line":4,"column":56}},"type":"default-arg","locations":[{"start":{"line":4,"column":32},"end":{"line":4,"column":56}}]}},"s":{"0":4,"1":4,"2":4},"f":{"0":4},"b":{"0":[0]}}
,"/home/gabrielwenchenck/alves-Gabriel-Carvalho/modulo6/case-estante-virtual/src/errors/ParamsError.ts": {"path":"/home/gabrielwenchenck/alves-Gabriel-Carvalho/modulo6/case-estante-virtual/src/errors/ParamsError.ts","statementMap":{"0":{"start":{"line":1,"column":0},"end":{"line":1,"column":40}},"1":{"start":{"line":5,"column":4},"end":{"line":5,"column":24}},"2":{"start":{"line":3,"column":0},"end":{"line":3,"column":13}}},"fnMap":{"0":{"name":"(anonymous_0)","decl":{"start":{"line":4,"column":2},"end":{"line":4,"column":14}},"loc":{"start":{"line":4,"column":66},"end":{"line":6,"column":3}}}},"branchMap":{"0":{"loc":{"start":{"line":4,"column":14},"end":{"line":4,"column":66}},"type":"default-arg","locations":[{"start":{"line":4,"column":32},"end":{"line":4,"column":66}}]}},"s":{"0":5,"1":9,"2":5},"f":{"0":9},"b":{"0":[0]}}
,"/home/gabrielwenchenck/alves-Gabriel-Carvalho/modulo6/case-estante-virtual/src/models/Athlete.ts": {"path":"/home/gabrielwenchenck/alves-Gabriel-Carvalho/modulo6/case-estante-virtual/src/models/Athlete.ts","statementMap":{"0":{"start":{"line":7,"column":22},"end":{"line":7,"column":32}},"1":{"start":{"line":7,"column":42},"end":{"line":7,"column":54}},"2":{"start":{"line":9,"column":9},"end":{"line":11,"column":4}},"3":{"start":{"line":10,"column":4},"end":{"line":10,"column":19}},"4":{"start":{"line":13,"column":9},"end":{"line":15,"column":4}},"5":{"start":{"line":14,"column":4},"end":{"line":14,"column":21}},"6":{"start":{"line":17,"column":9},"end":{"line":19,"column":4}},"7":{"start":{"line":18,"column":4},"end":{"line":18,"column":20}},"8":{"start":{"line":21,"column":9},"end":{"line":23,"column":4}},"9":{"start":{"line":22,"column":4},"end":{"line":22,"column":24}},"10":{"start":{"line":6,"column":0},"end":{"line":6,"column":13}}},"fnMap":{"0":{"name":"(anonymous_0)","decl":{"start":{"line":7,"column":2},"end":{"line":7,"column":22}},"loc":{"start":{"line":7,"column":54},"end":{"line":7,"column":58}}},"1":{"name":"(anonymous_1)","decl":{"start":{"line":9,"column":17},"end":{"line":9,"column":20}},"loc":{"start":{"line":9,"column":22},"end":{"line":11,"column":3}}},"2":{"name":"(anonymous_2)","decl":{"start":{"line":13,"column":19},"end":{"line":13,"column":22}},"loc":{"start":{"line":13,"column":24},"end":{"line":15,"column":3}}},"3":{"name":"(anonymous_3)","decl":{"start":{"line":17,"column":17},"end":{"line":17,"column":18}},"loc":{"start":{"line":17,"column":35},"end":{"line":19,"column":3}}},"4":{"name":"(anonymous_4)","decl":{"start":{"line":21,"column":19},"end":{"line":21,"column":20}},"loc":{"start":{"line":21,"column":39},"end":{"line":23,"column":3}}}},"branchMap":{},"s":{"0":1,"1":1,"2":1,"3":0,"4":1,"5":0,"6":1,"7":0,"8":1,"9":0,"10":1},"f":{"0":1,"1":0,"2":0,"3":0,"4":0},"b":{}}
,"/home/gabrielwenchenck/alves-Gabriel-Carvalho/modulo6/case-estante-virtual/src/models/Competition.ts": {"path":"/home/gabrielwenchenck/alves-Gabriel-Carvalho/modulo6/case-estante-virtual/src/models/Competition.ts","statementMap":{"0":{"start":{"line":10,"column":12},"end":{"line":10,"column":22}},"1":{"start":{"line":11,"column":12},"end":{"line":11,"column":24}},"2":{"start":{"line":12,"column":12},"end":{"line":12,"column":28}},"3":{"start":{"line":13,"column":12},"end":{"line":13,"column":42}},"4":{"start":{"line":16,"column":9},"end":{"line":18,"column":4}},"5":{"start":{"line":17,"column":4},"end":{"line":17,"column":19}},"6":{"start":{"line":20,"column":9},"end":{"line":22,"column":4}},"7":{"start":{"line":21,"column":4},"end":{"line":21,"column":21}},"8":{"start":{"line":24,"column":9},"end":{"line":26,"column":4}},"9":{"start":{"line":25,"column":4},"end":{"line":25,"column":25}},"10":{"start":{"line":27,"column":9},"end":{"line":29,"column":4}},"11":{"start":{"line":28,"column":4},"end":{"line":28,"column":25}},"12":{"start":{"line":31,"column":9},"end":{"line":33,"column":4}},"13":{"start":{"line":32,"column":4},"end":{"line":32,"column":20}},"14":{"start":{"line":35,"column":9},"end":{"line":37,"column":4}},"15":{"start":{"line":36,"column":4},"end":{"line":36,"column":24}},"16":{"start":{"line":39,"column":9},"end":{"line":41,"column":4}},"17":{"start":{"line":40,"column":4},"end":{"line":40,"column":32}},"18":{"start":{"line":42,"column":9},"end":{"line":44,"column":4}},"19":{"start":{"line":43,"column":4},"end":{"line":43,"column":32}},"20":{"start":{"line":8,"column":0},"end":{"line":8,"column":13}}},"fnMap":{"0":{"name":"(anonymous_0)","decl":{"start":{"line":9,"column":2},"end":{"line":9,"column":null}},"loc":{"start":{"line":13,"column":42},"end":{"line":14,"column":6}}},"1":{"name":"(anonymous_1)","decl":{"start":{"line":16,"column":17},"end":{"line":16,"column":20}},"loc":{"start":{"line":16,"column":22},"end":{"line":18,"column":3}}},"2":{"name":"(anonymous_2)","decl":{"start":{"line":20,"column":19},"end":{"line":20,"column":22}},"loc":{"start":{"line":20,"column":24},"end":{"line":22,"column":3}}},"3":{"name":"(anonymous_3)","decl":{"start":{"line":24,"column":23},"end":{"line":24,"column":26}},"loc":{"start":{"line":24,"column":28},"end":{"line":26,"column":3}}},"4":{"name":"(anonymous_4)","decl":{"start":{"line":27,"column":23},"end":{"line":27,"column":26}},"loc":{"start":{"line":27,"column":28},"end":{"line":29,"column":3}}},"5":{"name":"(anonymous_5)","decl":{"start":{"line":31,"column":17},"end":{"line":31,"column":18}},"loc":{"start":{"line":31,"column":35},"end":{"line":33,"column":3}}},"6":{"name":"(anonymous_6)","decl":{"start":{"line":35,"column":19},"end":{"line":35,"column":20}},"loc":{"start":{"line":35,"column":39},"end":{"line":37,"column":3}}},"7":{"name":"(anonymous_7)","decl":{"start":{"line":39,"column":23},"end":{"line":39,"column":24}},"loc":{"start":{"line":39,"column":48},"end":{"line":41,"column":3}}},"8":{"name":"(anonymous_8)","decl":{"start":{"line":42,"column":25},"end":{"line":42,"column":26}},"loc":{"start":{"line":42,"column":49},"end":{"line":44,"column":3}}}},"branchMap":{},"s":{"0":1,"1":1,"2":1,"3":1,"4":1,"5":0,"6":1,"7":0,"8":1,"9":0,"10":1,"11":0,"12":1,"13":0,"14":1,"15":0,"16":1,"17":0,"18":1,"19":0,"20":2},"f":{"0":1,"1":0,"2":0,"3":0,"4":0,"5":0,"6":0,"7":0,"8":0},"b":{}}
,"/home/gabrielwenchenck/alves-Gabriel-Carvalho/modulo6/case-estante-virtual/src/models/Result.ts": {"path":"/home/gabrielwenchenck/alves-Gabriel-Carvalho/modulo6/case-estante-virtual/src/models/Result.ts","statementMap":{"0":{"start":{"line":13,"column":12},"end":{"line":13,"column":22}},"1":{"start":{"line":14,"column":12},"end":{"line":14,"column":25}},"2":{"start":{"line":15,"column":12},"end":{"line":15,"column":27}},"3":{"start":{"line":16,"column":12},"end":{"line":16,"column":27}},"4":{"start":{"line":17,"column":12},"end":{"line":17,"column":24}},"5":{"start":{"line":18,"column":12},"end":{"line":18,"column":33}},"6":{"start":{"line":19,"column":12},"end":{"line":19,"column":29}},"7":{"start":{"line":22,"column":9},"end":{"line":24,"column":4}},"8":{"start":{"line":23,"column":4},"end":{"line":23,"column":19}},"9":{"start":{"line":26,"column":9},"end":{"line":28,"column":4}},"10":{"start":{"line":27,"column":4},"end":{"line":27,"column":22}},"11":{"start":{"line":29,"column":9},"end":{"line":31,"column":4}},"12":{"start":{"line":30,"column":4},"end":{"line":30,"column":24}},"13":{"start":{"line":32,"column":9},"end":{"line":34,"column":4}},"14":{"start":{"line":33,"column":4},"end":{"line":33,"column":24}},"15":{"start":{"line":36,"column":9},"end":{"line":38,"column":4}},"16":{"start":{"line":37,"column":4},"end":{"line":37,"column":21}},"17":{"start":{"line":40,"column":9},"end":{"line":42,"column":4}},"18":{"start":{"line":41,"column":4},"end":{"line":41,"column":30}},"19":{"start":{"line":44,"column":9},"end":{"line":46,"column":4}},"20":{"start":{"line":45,"column":4},"end":{"line":45,"column":26}},"21":{"start":{"line":48,"column":9},"end":{"line":50,"column":4}},"22":{"start":{"line":49,"column":4},"end":{"line":49,"column":20}},"23":{"start":{"line":52,"column":9},"end":{"line":54,"column":4}},"24":{"start":{"line":53,"column":4},"end":{"line":53,"column":26}},"25":{"start":{"line":56,"column":9},"end":{"line":58,"column":4}},"26":{"start":{"line":57,"column":4},"end":{"line":57,"column":24}},"27":{"start":{"line":60,"column":9},"end":{"line":62,"column":4}},"28":{"start":{"line":61,"column":4},"end":{"line":61,"column":42}},"29":{"start":{"line":64,"column":9},"end":{"line":66,"column":4}},"30":{"start":{"line":65,"column":4},"end":{"line":65,"column":34}},"31":{"start":{"line":67,"column":9},"end":{"line":69,"column":4}},"32":{"start":{"line":68,"column":4},"end":{"line":68,"column":29}},"33":{"start":{"line":70,"column":9},"end":{"line":72,"column":4}},"34":{"start":{"line":71,"column":4},"end":{"line":71,"column":29}},"35":{"start":{"line":11,"column":0},"end":{"line":11,"column":13}}},"fnMap":{"0":{"name":"(anonymous_0)","decl":{"start":{"line":12,"column":2},"end":{"line":12,"column":null}},"loc":{"start":{"line":19,"column":29},"end":{"line":20,"column":6}}},"1":{"name":"(anonymous_1)","decl":{"start":{"line":22,"column":17},"end":{"line":22,"column":20}},"loc":{"start":{"line":22,"column":22},"end":{"line":24,"column":3}}},"2":{"name":"(anonymous_2)","decl":{"start":{"line":26,"column":20},"end":{"line":26,"column":23}},"loc":{"start":{"line":26,"column":25},"end":{"line":28,"column":3}}},"3":{"name":"(anonymous_3)","decl":{"start":{"line":29,"column":21},"end":{"line":29,"column":24}},"loc":{"start":{"line":29,"column":26},"end":{"line":31,"column":3}}},"4":{"name":"(anonymous_4)","decl":{"start":{"line":32,"column":21},"end":{"line":32,"column":24}},"loc":{"start":{"line":32,"column":26},"end":{"line":34,"column":3}}},"5":{"name":"(anonymous_5)","decl":{"start":{"line":36,"column":19},"end":{"line":36,"column":22}},"loc":{"start":{"line":36,"column":24},"end":{"line":38,"column":3}}},"6":{"name":"(anonymous_6)","decl":{"start":{"line":40,"column":28},"end":{"line":40,"column":31}},"loc":{"start":{"line":40,"column":33},"end":{"line":42,"column":3}}},"7":{"name":"(anonymous_7)","decl":{"start":{"line":44,"column":24},"end":{"line":44,"column":27}},"loc":{"start":{"line":44,"column":29},"end":{"line":46,"column":3}}},"8":{"name":"(anonymous_8)","decl":{"start":{"line":48,"column":17},"end":{"line":48,"column":18}},"loc":{"start":{"line":48,"column":35},"end":{"line":50,"column":3}}},"9":{"name":"(anonymous_9)","decl":{"start":{"line":52,"column":20},"end":{"line":52,"column":21}},"loc":{"start":{"line":52,"column":41},"end":{"line":54,"column":3}}},"10":{"name":"(anonymous_10)","decl":{"start":{"line":56,"column":19},"end":{"line":56,"column":20}},"loc":{"start":{"line":56,"column":39},"end":{"line":58,"column":3}}},"11":{"name":"(anonymous_11)","decl":{"start":{"line":60,"column":28},"end":{"line":60,"column":29}},"loc":{"start":{"line":60,"column":57},"end":{"line":62,"column":3}}},"12":{"name":"(anonymous_12)","decl":{"start":{"line":64,"column":24},"end":{"line":64,"column":25}},"loc":{"start":{"line":64,"column":49},"end":{"line":66,"column":3}}},"13":{"name":"(anonymous_13)","decl":{"start":{"line":67,"column":21},"end":{"line":67,"column":22}},"loc":{"start":{"line":67,"column":43},"end":{"line":69,"column":3}}},"14":{"name":"(anonymous_14)","decl":{"start":{"line":70,"column":21},"end":{"line":70,"column":22}},"loc":{"start":{"line":70,"column":43},"end":{"line":72,"column":3}}}},"branchMap":{},"s":{"0":2,"1":2,"2":2,"3":2,"4":2,"5":2,"6":2,"7":2,"8":0,"9":2,"10":0,"11":2,"12":0,"13":2,"14":0,"15":2,"16":0,"17":2,"18":0,"19":2,"20":0,"21":2,"22":0,"23":2,"24":0,"25":2,"26":0,"27":2,"28":0,"29":2,"30":0,"31":2,"32":0,"33":2,"34":0,"35":2},"f":{"0":2,"1":0,"2":0,"3":0,"4":0,"5":0,"6":0,"7":0,"8":0,"9":0,"10":0,"11":0,"12":0,"13":0,"14":0},"b":{}}
,"/home/gabrielwenchenck/alves-Gabriel-Carvalho/modulo6/case-estante-virtual/tests/mocks/AthleteDatabaseMock.ts": {"path":"/home/gabrielwenchenck/alves-Gabriel-Carvalho/modulo6/case-estante-virtual/tests/mocks/AthleteDatabaseMock.ts","statementMap":{"0":{"start":{"line":2,"column":0},"end":{"line":2,"column":65}},"1":{"start":{"line":7,"column":9},"end":{"line":14,"column":4}},"2":{"start":{"line":8,"column":34},"end":{"line":11,"column":6}},"3":{"start":{"line":13,"column":4},"end":{"line":13,"column":21}},"4":{"start":{"line":16,"column":9},"end":{"line":16,"column":71}},"5":{"start":{"line":4,"column":0},"end":{"line":4,"column":13}},"6":{"start":{"line":5,"column":16},"end":{"line":5,"column":50}}},"fnMap":{"0":{"name":"(anonymous_0)","decl":{"start":{"line":4,"column":0},"end":{"line":4,"column":13}},"loc":{"start":{"line":4,"column":0},"end":{"line":17,"column":1}}},"1":{"name":"(anonymous_1)","decl":{"start":{"line":7,"column":28},"end":{"line":7,"column":29}},"loc":{"start":{"line":7,"column":61},"end":{"line":14,"column":3}}},"2":{"name":"(anonymous_2)","decl":{"start":{"line":16,"column":25},"end":{"line":16,"column":30}},"loc":{"start":{"line":16,"column":67},"end":{"line":16,"column":70}}}},"branchMap":{},"s":{"0":1,"1":1,"2":0,"3":0,"4":1,"5":1,"6":1},"f":{"0":1,"1":0,"2":1},"b":{}}
,"/home/gabrielwenchenck/alves-Gabriel-Carvalho/modulo6/case-estante-virtual/tests/mocks/CompetitionDatabaseMock.ts": {"path":"/home/gabrielwenchenck/alves-Gabriel-Carvalho/modulo6/case-estante-virtual/tests/mocks/CompetitionDatabaseMock.ts","statementMap":{"0":{"start":{"line":2,"column":0},"end":{"line":2,"column":65}},"1":{"start":{"line":7,"column":9},"end":{"line":16,"column":4}},"2":{"start":{"line":8,"column":42},"end":{"line":13,"column":6}},"3":{"start":{"line":15,"column":4},"end":{"line":15,"column":25}},"4":{"start":{"line":17,"column":9},"end":{"line":29,"column":4}},"5":{"start":{"line":18,"column":4},"end":{"line":28,"column":null}},"6":{"start":{"line":20,"column":8},"end":{"line":25,"column":10}},"7":{"start":{"line":27,"column":8},"end":{"line":27,"column":18}},"8":{"start":{"line":31,"column":9},"end":{"line":45,"column":4}},"9":{"start":{"line":34,"column":4},"end":{"line":44,"column":null}},"10":{"start":{"line":36,"column":8},"end":{"line":41,"column":10}},"11":{"start":{"line":43,"column":8},"end":{"line":43,"column":18}},"12":{"start":{"line":47,"column":9},"end":{"line":49,"column":25}},"13":{"start":{"line":51,"column":9},"end":{"line":51,"column":68}},"14":{"start":{"line":4,"column":0},"end":{"line":4,"column":13}},"15":{"start":{"line":5,"column":16},"end":{"line":5,"column":58}}},"fnMap":{"0":{"name":"(anonymous_0)","decl":{"start":{"line":4,"column":0},"end":{"line":4,"column":13}},"loc":{"start":{"line":4,"column":0},"end":{"line":52,"column":1}}},"1":{"name":"(anonymous_1)","decl":{"start":{"line":7,"column":32},"end":{"line":7,"column":33}},"loc":{"start":{"line":7,"column":77},"end":{"line":16,"column":3}}},"2":{"name":"(anonymous_2)","decl":{"start":{"line":17,"column":20},"end":{"line":17,"column":25}},"loc":{"start":{"line":17,"column":78},"end":{"line":29,"column":3}}},"3":{"name":"(anonymous_3)","decl":{"start":{"line":31,"column":22},"end":{"line":31,"column":27}},"loc":{"start":{"line":33,"column":43},"end":{"line":45,"column":3}}},"4":{"name":"(anonymous_4)","decl":{"start":{"line":47,"column":29},"end":{"line":47,"column":34}},"loc":{"start":{"line":49,"column":21},"end":{"line":49,"column":24}}},"5":{"name":"(anonymous_5)","decl":{"start":{"line":51,"column":28},"end":{"line":51,"column":33}},"loc":{"start":{"line":51,"column":64},"end":{"line":51,"column":67}}}},"branchMap":{"0":{"loc":{"start":{"line":18,"column":4},"end":{"line":28,"column":null}},"type":"switch","locations":[{"start":{"line":19,"column":6},"end":{"line":25,"column":10}},{"start":{"line":26,"column":6},"end":{"line":27,"column":18}}]},"1":{"loc":{"start":{"line":34,"column":4},"end":{"line":44,"column":null}},"type":"switch","locations":[{"start":{"line":35,"column":6},"end":{"line":41,"column":10}},{"start":{"line":42,"column":6},"end":{"line":43,"column":18}}]}},"s":{"0":2,"1":2,"2":0,"3":0,"4":2,"5":2,"6":1,"7":1,"8":2,"9":2,"10":1,"11":1,"12":2,"13":2,"14":2,"15":2},"f":{"0":2,"1":0,"2":2,"3":2,"4":1,"5":1},"b":{"0":[1,1],"1":[1,1]}}
,"/home/gabrielwenchenck/alves-Gabriel-Carvalho/modulo6/case-estante-virtual/tests/mocks/IdGeneratorMock.ts": {"path":"/home/gabrielwenchenck/alves-Gabriel-Carvalho/modulo6/case-estante-virtual/tests/mocks/IdGeneratorMock.ts","statementMap":{"0":{"start":{"line":2,"column":9},"end":{"line":4,"column":4}},"1":{"start":{"line":3,"column":4},"end":{"line":3,"column":21}},"2":{"start":{"line":1,"column":0},"end":{"line":1,"column":13}}},"fnMap":{"0":{"name":"(anonymous_0)","decl":{"start":{"line":1,"column":0},"end":{"line":1,"column":13}},"loc":{"start":{"line":1,"column":0},"end":{"line":5,"column":1}}},"1":{"name":"(anonymous_1)","decl":{"start":{"line":2,"column":20},"end":{"line":2,"column":31}},"loc":{"start":{"line":2,"column":33},"end":{"line":4,"column":3}}}},"branchMap":{},"s":{"0":5,"1":4,"2":5},"f":{"0":5,"1":4},"b":{}}
,"/home/gabrielwenchenck/alves-Gabriel-Carvalho/modulo6/case-estante-virtual/tests/mocks/ResultDatabaseMock.ts": {"path":"/home/gabrielwenchenck/alves-Gabriel-Carvalho/modulo6/case-estante-virtual/tests/mocks/ResultDatabaseMock.ts","statementMap":{"0":{"start":{"line":6,"column":0},"end":{"line":6,"column":63}},"1":{"start":{"line":15,"column":9},"end":{"line":27,"column":4}},"2":{"start":{"line":16,"column":32},"end":{"line":24,"column":6}},"3":{"start":{"line":26,"column":4},"end":{"line":26,"column":20}},"4":{"start":{"line":29,"column":9},"end":{"line":57,"column":4}},"5":{"start":{"line":32,"column":4},"end":{"line":56,"column":null}},"6":{"start":{"line":34,"column":8},"end":{"line":39,"column":10}},"7":{"start":{"line":41,"column":8},"end":{"line":46,"column":10}},"8":{"start":{"line":48,"column":8},"end":{"line":53,"column":10}},"9":{"start":{"line":55,"column":8},"end":{"line":55,"column":18}},"10":{"start":{"line":59,"column":9},"end":{"line":74,"column":4}},"11":{"start":{"line":62,"column":4},"end":{"line":73,"column":null}},"12":{"start":{"line":64,"column":8},"end":{"line":69,"column":10}},"13":{"start":{"line":72,"column":8},"end":{"line":72,"column":18}},"14":{"start":{"line":76,"column":9},"end":{"line":90,"column":4}},"15":{"start":{"line":79,"column":4},"end":{"line":89,"column":null}},"16":{"start":{"line":81,"column":8},"end":{"line":86,"column":10}},"17":{"start":{"line":88,"column":8},"end":{"line":88,"column":18}},"18":{"start":{"line":92,"column":9},"end":{"line":104,"column":4}},"19":{"start":{"line":95,"column":4},"end":{"line":103,"column":null}},"20":{"start":{"line":97,"column":8},"end":{"line":100,"column":10}},"21":{"start":{"line":102,"column":8},"end":{"line":102,"column":18}},"22":{"start":{"line":106,"column":9},"end":{"line":106,"column":68}},"23":{"start":{"line":108,"column":9},"end":{"line":122,"column":4}},"24":{"start":{"line":111,"column":4},"end":{"line":121,"column":null}},"25":{"start":{"line":113,"column":8},"end":{"line":118,"column":10}},"26":{"start":{"line":120,"column":8},"end":{"line":120,"column":18}},"27":{"start":{"line":123,"column":9},"end":{"line":137,"column":4}},"28":{"start":{"line":126,"column":4},"end":{"line":136,"column":null}},"29":{"start":{"line":128,"column":8},"end":{"line":133,"column":10}},"30":{"start":{"line":135,"column":8},"end":{"line":135,"column":18}},"31":{"start":{"line":10,"column":0},"end":{"line":10,"column":13}},"32":{"start":{"line":11,"column":16},"end":{"line":11,"column":48}},"33":{"start":{"line":12,"column":16},"end":{"line":12,"column":58}},"34":{"start":{"line":13,"column":16},"end":{"line":13,"column":50}}},"fnMap":{"0":{"name":"(anonymous_0)","decl":{"start":{"line":10,"column":0},"end":{"line":10,"column":13}},"loc":{"start":{"line":10,"column":0},"end":{"line":138,"column":1}}},"1":{"name":"(anonymous_1)","decl":{"start":{"line":15,"column":27},"end":{"line":15,"column":28}},"loc":{"start":{"line":15,"column":57},"end":{"line":27,"column":3}}},"2":{"name":"(anonymous_2)","decl":{"start":{"line":29,"column":31},"end":{"line":29,"column":36}},"loc":{"start":{"line":31,"column":43},"end":{"line":57,"column":3}}},"3":{"name":"(anonymous_3)","decl":{"start":{"line":59,"column":35},"end":{"line":59,"column":40}},"loc":{"start":{"line":61,"column":43},"end":{"line":74,"column":3}}},"4":{"name":"(anonymous_4)","decl":{"start":{"line":76,"column":37},"end":{"line":76,"column":42}},"loc":{"start":{"line":78,"column":43},"end":{"line":90,"column":3}}},"5":{"name":"(anonymous_5)","decl":{"start":{"line":92,"column":27},"end":{"line":92,"column":32}},"loc":{"start":{"line":94,"column":39},"end":{"line":104,"column":3}}},"6":{"name":"(anonymous_6)","decl":{"start":{"line":106,"column":24},"end":{"line":106,"column":29}},"loc":{"start":{"line":106,"column":64},"end":{"line":106,"column":67}}},"7":{"name":"(anonymous_7)","decl":{"start":{"line":108,"column":27},"end":{"line":108,"column":32}},"loc":{"start":{"line":110,"column":47},"end":{"line":122,"column":3}}},"8":{"name":"(anonymous_8)","decl":{"start":{"line":123,"column":30},"end":{"line":123,"column":35}},"loc":{"start":{"line":125,"column":47},"end":{"line":137,"column":3}}}},"branchMap":{"0":{"loc":{"start":{"line":32,"column":4},"end":{"line":56,"column":null}},"type":"switch","locations":[{"start":{"line":33,"column":6},"end":{"line":39,"column":10}},{"start":{"line":40,"column":6},"end":{"line":46,"column":10}},{"start":{"line":47,"column":6},"end":{"line":53,"column":10}},{"start":{"line":54,"column":6},"end":{"line":55,"column":18}}]},"1":{"loc":{"start":{"line":62,"column":4},"end":{"line":73,"column":null}},"type":"switch","locations":[{"start":{"line":63,"column":6},"end":{"line":69,"column":10}},{"start":{"line":71,"column":6},"end":{"line":72,"column":18}}]},"2":{"loc":{"start":{"line":79,"column":4},"end":{"line":89,"column":null}},"type":"switch","locations":[{"start":{"line":80,"column":6},"end":{"line":86,"column":10}},{"start":{"line":87,"column":6},"end":{"line":88,"column":18}}]},"3":{"loc":{"start":{"line":95,"column":4},"end":{"line":103,"column":null}},"type":"switch","locations":[{"start":{"line":96,"column":6},"end":{"line":100,"column":10}},{"start":{"line":101,"column":6},"end":{"line":102,"column":18}}]},"4":{"loc":{"start":{"line":111,"column":4},"end":{"line":121,"column":null}},"type":"switch","locations":[{"start":{"line":112,"column":6},"end":{"line":118,"column":10}},{"start":{"line":119,"column":6},"end":{"line":120,"column":18}}]},"5":{"loc":{"start":{"line":126,"column":4},"end":{"line":136,"column":null}},"type":"switch","locations":[{"start":{"line":127,"column":6},"end":{"line":133,"column":10}},{"start":{"line":134,"column":6},"end":{"line":135,"column":18}}]}},"s":{"0":2,"1":2,"2":0,"3":0,"4":2,"5":8,"6":2,"7":3,"8":1,"9":2,"10":2,"11":4,"12":1,"13":3,"14":2,"15":10,"16":4,"17":6,"18":2,"19":3,"20":2,"21":1,"22":2,"23":2,"24":1,"25":1,"26":0,"27":2,"28":1,"29":1,"30":0,"31":2,"32":2,"33":2,"34":2},"f":{"0":2,"1":0,"2":8,"3":4,"4":10,"5":3,"6":2,"7":1,"8":1},"b":{"0":[2,3,1,2],"1":[1,3],"2":[4,6],"3":[2,1],"4":[1,0],"5":[1,0]}}
}
