TN:
SF:src/business/AthleteBusiness.ts
FN:7,(anonymous_0)
FN:12,(anonymous_1)
FNF:2
FNH:2
FNDA:1,(anonymous_0)
FNDA:2,(anonymous_1)
DA:1,1
DA:4,1
DA:6,1
DA:8,1
DA:9,1
DA:12,1
DA:13,2
DA:14,0
DA:17,2
DA:18,1
DA:21,1
DA:23,1
DA:25,1
DA:27,1
DA:31,1
LF:15
LH:14
BRDA:13,0,0,0
BRDA:17,1,0,1
BRF:2
BRH:1
end_of_record
TN:
SF:src/business/CompetitionBusiness.ts
FN:9,(anonymous_0)
FN:14,(anonymous_1)
FN:49,(anonymous_2)
FNF:3
FNH:3
FNDA:2,(anonymous_0)
FNDA:6,(anonymous_1)
FNDA:3,(anonymous_2)
DA:3,2
DA:4,2
DA:5,2
DA:6,2
DA:8,2
DA:10,2
DA:11,2
DA:14,2
DA:15,6
DA:16,2
DA:21,4
DA:22,1
DA:24,3
DA:25,1
DA:31,2
DA:33,2
DA:34,1
DA:36,1
DA:38,1
DA:40,1
DA:42,1
DA:46,1
DA:49,2
DA:50,3
DA:51,1
DA:53,2
DA:55,2
DA:56,1
DA:58,1
DA:59,1
DA:63,1
LF:31
LH:31
BRDA:15,0,0,2
BRDA:15,1,0,6
BRDA:15,1,1,5
BRDA:21,2,0,1
BRDA:24,3,0,1
BRDA:33,4,0,1
BRDA:50,5,0,1
BRDA:55,6,0,1
BRF:8
BRH:8
end_of_record
TN:
SF:src/business/ResultBusiness.ts
FN:10,(anonymous_0)
FN:15,(anonymous_1)
FN:85,(anonymous_2)
FNF:3
FNH:3
FNDA:2,(anonymous_0)
FNDA:8,(anonymous_1)
FNDA:3,(anonymous_2)
DA:3,2
DA:4,2
DA:5,2
DA:7,2
DA:9,2
DA:11,2
DA:12,2
DA:15,2
DA:16,8
DA:18,8
DA:22,8
DA:23,3
DA:24,1
DA:29,5
DA:30,1
DA:35,6
DA:36,0
DA:39,6
DA:40,1
DA:43,5
DA:47,5
DA:48,1
DA:52,4
DA:54,4
DA:55,1
DA:58,3
DA:62,3
DA:63,1
DA:66,2
DA:68,2
DA:78,2
DA:79,2
DA:82,2
DA:85,2
DA:86,3
DA:90,3
DA:91,1
DA:93,2
DA:97,2
DA:98,1
DA:99,1
DA:102,1
DA:104,1
DA:105,1
DA:108,1
LF:45
LH:44
BRDA:22,0,0,3
BRDA:22,0,1,5
BRDA:23,1,0,1
BRDA:23,2,0,3
BRDA:23,2,1,3
BRDA:23,2,2,2
BRDA:29,3,0,1
BRDA:29,4,0,5
BRDA:29,4,1,4
BRDA:35,5,0,0
BRDA:35,6,0,6
BRDA:35,6,1,6
BRDA:35,6,2,6
BRDA:35,6,3,6
BRDA:39,7,0,1
BRDA:39,8,0,6
BRDA:39,8,1,5
BRDA:39,8,2,5
BRDA:47,9,0,1
BRDA:54,10,0,1
BRDA:62,11,0,1
BRDA:90,12,0,1
BRDA:97,13,0,1
BRDA:97,13,1,1
BRF:24
BRH:23
end_of_record
TN:
SF:src/database/BaseDatabase.ts
FNF:0
FNH:0
DA:1,5
DA:2,5
DA:4,5
DA:6,5
DA:7,5
LF:5
LH:5
BRF:0
BRH:0
end_of_record
TN:
SF:src/errors/BaseError.ts
FN:2,(anonymous_0)
FNF:1
FNH:1
FNDA:15,(anonymous_0)
DA:1,5
DA:2,15
DA:3,15
LF:3
LH:3
BRF:0
BRH:0
end_of_record
TN:
SF:src/errors/ConflictError.ts
FN:4,(anonymous_0)
FNF:1
FNH:1
FNDA:2,(anonymous_0)
DA:1,4
DA:3,4
DA:5,2
LF:3
LH:3
BRDA:4,0,0,0
BRF:1
BRH:0
end_of_record
TN:
SF:src/errors/NotFoundError.ts
FN:4,(anonymous_0)
FNF:1
FNH:1
FNDA:4,(anonymous_0)
DA:1,4
DA:3,4
DA:5,4
LF:3
LH:3
BRDA:4,0,0,0
BRF:1
BRH:0
end_of_record
TN:
SF:src/errors/ParamsError.ts
FN:4,(anonymous_0)
FNF:1
FNH:1
FNDA:9,(anonymous_0)
DA:1,5
DA:3,5
DA:5,9
LF:3
LH:3
BRDA:4,0,0,0
BRF:1
BRH:0
end_of_record
TN:
SF:src/models/Athlete.ts
FN:7,(anonymous_0)
FN:9,(anonymous_1)
FN:13,(anonymous_2)
FN:17,(anonymous_3)
FN:21,(anonymous_4)
FNF:5
FNH:1
FNDA:1,(anonymous_0)
FNDA:0,(anonymous_1)
FNDA:0,(anonymous_2)
FNDA:0,(anonymous_3)
FNDA:0,(anonymous_4)
DA:6,1
DA:7,1
DA:9,1
DA:10,0
DA:13,1
DA:14,0
DA:17,1
DA:18,0
DA:21,1
DA:22,0
LF:10
LH:6
BRF:0
BRH:0
end_of_record
TN:
SF:src/models/Competition.ts
FN:9,(anonymous_0)
FN:16,(anonymous_1)
FN:20,(anonymous_2)
FN:24,(anonymous_3)
FN:27,(anonymous_4)
FN:31,(anonymous_5)
FN:35,(anonymous_6)
FN:39,(anonymous_7)
FN:42,(anonymous_8)
FNF:9
FNH:1
FNDA:1,(anonymous_0)
FNDA:0,(anonymous_1)
FNDA:0,(anonymous_2)
FNDA:0,(anonymous_3)
FNDA:0,(anonymous_4)
FNDA:0,(anonymous_5)
FNDA:0,(anonymous_6)
FNDA:0,(anonymous_7)
FNDA:0,(anonymous_8)
DA:8,2
DA:10,1
DA:11,1
DA:12,1
DA:13,1
DA:16,1
DA:17,0
DA:20,1
DA:21,0
DA:24,1
DA:25,0
DA:27,1
DA:28,0
DA:31,1
DA:32,0
DA:35,1
DA:36,0
DA:39,1
DA:40,0
DA:42,1
DA:43,0
LF:21
LH:13
BRF:0
BRH:0
end_of_record
TN:
SF:src/models/Result.ts
FN:12,(anonymous_0)
FN:22,(anonymous_1)
FN:26,(anonymous_2)
FN:29,(anonymous_3)
FN:32,(anonymous_4)
FN:36,(anonymous_5)
FN:40,(anonymous_6)
FN:44,(anonymous_7)
FN:48,(anonymous_8)
FN:52,(anonymous_9)
FN:56,(anonymous_10)
FN:60,(anonymous_11)
FN:64,(anonymous_12)
FN:67,(anonymous_13)
FN:70,(anonymous_14)
FNF:15
FNH:1
FNDA:2,(anonymous_0)
FNDA:0,(anonymous_1)
FNDA:0,(anonymous_2)
FNDA:0,(anonymous_3)
FNDA:0,(anonymous_4)
FNDA:0,(anonymous_5)
FNDA:0,(anonymous_6)
FNDA:0,(anonymous_7)
FNDA:0,(anonymous_8)
FNDA:0,(anonymous_9)
FNDA:0,(anonymous_10)
FNDA:0,(anonymous_11)
FNDA:0,(anonymous_12)
FNDA:0,(anonymous_13)
FNDA:0,(anonymous_14)
DA:11,2
DA:13,2
DA:14,2
DA:15,2
DA:16,2
DA:17,2
DA:18,2
DA:19,2
DA:22,2
DA:23,0
DA:26,2
DA:27,0
DA:29,2
DA:30,0
DA:32,2
DA:33,0
DA:36,2
DA:37,0
DA:40,2
DA:41,0
DA:44,2
DA:45,0
DA:48,2
DA:49,0
DA:52,2
DA:53,0
DA:56,2
DA:57,0
DA:60,2
DA:61,0
DA:64,2
DA:65,0
DA:67,2
DA:68,0
DA:70,2
DA:71,0
LF:36
LH:22
BRF:0
BRH:0
end_of_record
TN:
SF:tests/mocks/AthleteDatabaseMock.ts
FN:4,(anonymous_0)
FN:7,(anonymous_1)
FN:16,(anonymous_2)
FNF:3
FNH:2
FNDA:1,(anonymous_0)
FNDA:0,(anonymous_1)
FNDA:1,(anonymous_2)
DA:2,1
DA:4,1
DA:5,1
DA:7,1
DA:8,0
DA:13,0
DA:16,1
LF:7
LH:5
BRF:0
BRH:0
end_of_record
TN:
SF:tests/mocks/CompetitionDatabaseMock.ts
FN:4,(anonymous_0)
FN:7,(anonymous_1)
FN:17,(anonymous_2)
FN:31,(anonymous_3)
FN:47,(anonymous_4)
FN:51,(anonymous_5)
FNF:6
FNH:5
FNDA:2,(anonymous_0)
FNDA:0,(anonymous_1)
FNDA:2,(anonymous_2)
FNDA:2,(anonymous_3)
FNDA:1,(anonymous_4)
FNDA:1,(anonymous_5)
DA:2,2
DA:4,2
DA:5,2
DA:7,2
DA:8,0
DA:15,0
DA:17,2
DA:18,2
DA:20,1
DA:27,1
DA:31,2
DA:34,2
DA:36,1
DA:43,1
DA:47,2
DA:51,2
LF:16
LH:14
BRDA:18,0,0,1
BRDA:18,0,1,1
BRDA:34,1,0,1
BRDA:34,1,1,1
BRF:4
BRH:4
end_of_record
TN:
SF:tests/mocks/IdGeneratorMock.ts
FN:1,(anonymous_0)
FN:2,(anonymous_1)
FNF:2
FNH:2
FNDA:5,(anonymous_0)
FNDA:4,(anonymous_1)
DA:1,5
DA:2,5
DA:3,4
LF:3
LH:3
BRF:0
BRH:0
end_of_record
TN:
SF:tests/mocks/ResultDatabaseMock.ts
FN:10,(anonymous_0)
FN:15,(anonymous_1)
FN:29,(anonymous_2)
FN:59,(anonymous_3)
FN:76,(anonymous_4)
FN:92,(anonymous_5)
FN:106,(anonymous_6)
FN:108,(anonymous_7)
FN:123,(anonymous_8)
FNF:9
FNH:8
FNDA:2,(anonymous_0)
FNDA:0,(anonymous_1)
FNDA:8,(anonymous_2)
FNDA:4,(anonymous_3)
FNDA:10,(anonymous_4)
FNDA:3,(anonymous_5)
FNDA:2,(anonymous_6)
FNDA:1,(anonymous_7)
FNDA:1,(anonymous_8)
DA:6,2
DA:10,2
DA:11,2
DA:12,2
DA:13,2
DA:15,2
DA:16,0
DA:26,0
DA:29,2
DA:32,8
DA:34,2
DA:41,3
DA:48,1
DA:55,2
DA:59,2
DA:62,4
DA:64,1
DA:72,3
DA:76,2
DA:79,10
DA:81,4
DA:88,6
DA:92,2
DA:95,3
DA:97,2
DA:102,1
DA:106,2
DA:108,2
DA:111,1
DA:113,1
DA:120,0
DA:123,2
DA:126,1
DA:128,1
DA:135,0
LF:35
LH:31
BRDA:32,0,0,2
BRDA:32,0,1,3
BRDA:32,0,2,1
BRDA:32,0,3,2
BRDA:62,1,0,1
BRDA:62,1,1,3
BRDA:79,2,0,4
BRDA:79,2,1,6
BRDA:95,3,0,2
BRDA:95,3,1,1
BRDA:111,4,0,1
BRDA:111,4,1,0
BRDA:126,5,0,1
BRDA:126,5,1,0
BRF:14
BRH:12
end_of_record
